c:\users\1mysk\desktop\directx 기말\directxsamples\direct\debug\vc140.pdb
c:\users\1mysk\desktop\directx 기말\directxsamples\direct\debug\vc140.idb
c:\users\1mysk\desktop\directx 기말\directxsamples\direct\debug\winmain.obj
c:\users\1mysk\desktop\directx 기말\directxsamples\direct\debug\stdafx.obj
c:\users\1mysk\desktop\directx 기말\directxsamples\direct\debug\shootingdata.obj
c:\users\1mysk\desktop\directx 기말\directxsamples\direct\debug\scenemanager.obj
c:\users\1mysk\desktop\directx 기말\directxsamples\direct\debug\objectpool.obj
c:\users\1mysk\desktop\directx 기말\directxsamples\direct\debug\gamescene.obj
c:\users\1mysk\desktop\directx 기말\directxsamples\direct\debug\gamebase.obj
c:\users\1mysk\desktop\directx 기말\directxsamples\direct\debug\component.obj
c:\users\1mysk\desktop\directx 기말\directxsamples\direct\debug\character.obj
c:\users\1mysk\desktop\directx 기말\directxsamples\direct\debug\barrage.obj
c:\users\1mysk\desktop\directx 기말\directxsamples\direct\debug\application.obj
c:\users\1mysk\desktop\directx 기말\directxsamples\direct\debug\direct.ilk
c:\users\1mysk\desktop\directx 기말\directxsamples\direct\debug\direct.exe
c:\users\1mysk\desktop\directx 기말\directxsamples\direct\debug\direct.pdb
c:\users\1mysk\desktop\directx 기말\directxsamples\direct\debug\direct.res
c:\users\1mysk\desktop\directx 기말\directxsamples\direct\debug\direct.tlog\cl.command.1.tlog
c:\users\1mysk\desktop\directx 기말\directxsamples\direct\debug\direct.tlog\cl.read.1.tlog
c:\users\1mysk\desktop\directx 기말\directxsamples\direct\debug\direct.tlog\cl.write.1.tlog
c:\users\1mysk\desktop\directx 기말\directxsamples\direct\debug\direct.tlog\link.command.1.tlog
c:\users\1mysk\desktop\directx 기말\directxsamples\direct\debug\direct.tlog\link.read.1.tlog
c:\users\1mysk\desktop\directx 기말\directxsamples\direct\debug\direct.tlog\link.write.1.tlog
c:\users\1mysk\desktop\directx 기말\directxsamples\direct\debug\direct.tlog\rc.command.1.tlog
c:\users\1mysk\desktop\directx 기말\directxsamples\direct\debug\direct.tlog\rc.read.1.tlog
c:\users\1mysk\desktop\directx 기말\directxsamples\direct\debug\direct.tlog\rc.write.1.tlog
